===== 工作流推理日志 =====

=== 第 1 条记录 ===
[原始输入]
基本情况：年龄：67；性别：男；类型：5。身体数据：BMI：24.62；身高：178.0cm；体重：78.0kg；是否有高血压病史：没有；舒张压：75.0mmHg；收缩压：110.0mmHg；监测情况：第1次回访：监测内容：糖化血红蛋白；糖化血红蛋白为6.1%；辅助检查的空腹血糖为6.2mmol/L；无低血糖反应；糖尿病症状为0；本次监测描述为患者饮食控制，运动达标，血糖控制平稳；第2次回访：监测内容：体征（身高、体重）；BMI为26.83；辅助检查的空腹血糖为6.2mmol/L；无低血糖反应；糖尿病症状为0；本次监测描述为患者饮食控制，运动达标，血糖控制平稳；第3次回访：监测内容：血糖；空腹血糖为5.8mmol/L；辅助检查的空腹血糖为6.2mmol/L；无低血糖反应；糖尿病症状为0；本次监测描述为患者饮食控制，运动达标，血糖控制平稳；第4次回访：监测内容：血糖；空腹血糖为5.9mmol/L；辅助检查的空腹血糖为6.2mmol/L；无低血糖反应；糖尿病症状为0；本次监测描述为患者饮食控制，运动达标，血糖控制平稳；第5次回访：监测内容：血糖；空腹血糖为6.2mmol/L；辅助检查的空腹血糖为6.2mmol/L；无低血糖反应；糖尿病症状为0；本次监测描述为患者饮食控制，运动达标，血糖控制平稳；第6次回访：监测内容：血压，血糖；早餐后非空腹血糖为7.9mmol/L；空腹血糖为6.2mmol/L；舒张压为75.0mmHg；收缩压为110.0mmHg；辅助检查的空腹血糖为6.2mmol/L；无低血糖反应；糖尿病症状为0；本次监测描述为患者饮食控制，运动达标，血糖控制平稳；第7次回访：监测内容：体征（身高、体重）；BMI为24.62；辅助检查的空腹血糖为6.2mmol/L；无低血糖反应；糖尿病症状为0；本次监测描述为患者饮食控制，运动达标，血糖控制平稳。

[SumDS结构化输出]
1. **血糖控制**
- 糖化血蛋白：
  - 平均值：7.0%
  - 波动范围：6.1% ~ 7.0%
  - 波动幅度：0.9%
- 空腹血糖波动情况：
  - 平均值：6.2 mmol/L
  - 波动范围：6.2 mmol/L ~ 6.2 mmol/L
  - 波动幅度：0.0 mmol/L
- 餐后血糖波动情况：
  - 平均值：7.9 mmol/L
  - 波动范围：7.9 mmol/L ~ 7.9 mmol/L
- 症状：无低血糖反应；糖尿病症状为0

2. **血压管理**
- 收缩压：110.0 mmHg
- 舒张压：75.0 mmHg
- 空腹血压：6.2 mmol/L
- 餐后血压：7.9 mmol/L
3. **其他并发症**
- 眼底：未提及
- 其他：未提及
4. **依从性与监测问题**
- 依从性：患者饮食控制，运动达标，血糖控制平稳
- 用药情况：未提及
5. **生活方式**
- BMI：24.62
- 饮食：未提及
- 运动：未提及
- 体重变化：未提及

[DiabetesPDiagLLM推理结果]
### 风险评估：
1. **血糖控制**：患者血糖控制尚可，但需长期监测并调整降糖药物。
2. **血压**：血压控制理想，无需特殊处理。
3. **其他并发症**：未提及眼底等并发症。
4. **依从性**：依从性较好，能按时检测血糖。

### 健康建议：
1. 继续监测血糖，如无不适可每月复查糖化血红蛋白。
2. 注意饮食，保持心情舒畅，定期复查。

### 饮食运动建议：
1. **每日卡路里摄入**：1800左右。
2. **饮食建议**：少油少盐，粗粮细作，低脂高纤维。
3. **运动建议**：每天30分钟中等强度有氧运动（如快走）。
------------------------------

=== 第 2 条记录 ===
[原始输入]
基本情况：年龄：61；性别：男；类型：黄标。身体数据：BMI：20.9；身高：175.0cm；体重：64.0kg；是否有高血压病史：没有；舒张压：75.0mmHg；收缩压：112.0mmHg；监测情况：第1次回访：监测内容：血糖；空腹空腹血糖为6.3mmol/L；辅助检查的餐后血糖为9.7mmol/L；辅助检查的空腹血糖为6.3mmol/L；无低血糖反应；糖尿病症状为0；本次监测描述为患者定期监测血糖，空腹血糖平稳，饮食不注意，餐后血糖不平稳；第2次回访：监测内容：体征（身高、体重），血压；BMI为20.9；收缩压为112.0mmHg；舒张压为75.0mmHg；辅助检查的餐后血糖为9.7mmol/L；辅助检查的空腹血糖为6.3mmol/L；无低血糖反应；糖尿病症状为0；本次监测描述为患者定期监测血糖，空腹血糖平稳，饮食不注意，餐后血糖不平稳；第3次回访：监测内容：血糖；早餐后非空腹血糖为9.7mmol/L；辅助检查的餐后血糖为9.7mmol/L；辅助检查的空腹血糖为6.3mmol/L；无低血糖反应；糖尿病症状为0；本次监测描述为患者定期监测血糖，空腹血糖平稳，饮食不注意，餐后血糖不平稳。

[SumDS结构化输出]
1. **血糖控制**
- 糖化血蛋白：未提及
- 空腹血糖波动情况：
  - 平均值：6.3 mmol/L
  - 波动范围：6.3 ~ 9.7 mmol/L
  - 波动幅度：3.4 mmol/L
- 餐后血糖波动情况：
  - 平均值：9.7 mmol/L
  - 波动范围：9.7 ~ 9.7 mmol/L
  - 波动幅度：0 mmol/L
- 症状：无低血糖反应；糖尿病症状为0

2. **血压管理**
- 收缩压：112.0 mmHg
- 舒张压：75.0 mmHg
- 空腹血压：未提及
- 餐后血压：未提及
3. **其他并发症**
- 眼底：未提及
- 其他：未提及
4. **依从性与监测问题**
- 依从性：未提及
- 用药情况：未提及
5. **生活方式**
- BMI：20.9
- 饮食：未提及
- 运动：未提及
- 体重变化：未提及

[DiabetesPDiagLLM推理结果]
好，我来仔细分析一下这位患者的情况，并按照要求提供综合的管理意见。

首先，**风险评估**方面：
- 患者的血糖控制相对稳定，空腹血糖和餐后血糖都处于理想范围内。
- 血压控制也较为平稳，没有出现明显的高血压或低血压的情况。
- 关于其他并发症如眼底病变等的信息不足，暂时无法评估这部分风险。
- 患者对治疗的依从性和自我监测意识较强，这有助于长期管理。

接下来是**健康建议**：
- 建议患者继续监测空腹血糖和餐后两小时的血糖水平，定期检测糖化血红蛋白以全面了解血糖控制情况。
- 保持规律服药，并注意观察有无不适症状，如有异常及时就医。

然后是**饮食建议**：
- 建议主食选择升糖指数较低的燕麦米、荞麦面等，每餐摄入80克左右。
- 副食可适量增加鱼类和豆制品，同时多吃蔬菜补充膳食纤维。
- 少吃多餐，避免暴饮暴食，忌辛辣刺激油腻食物。

最后是**运动建议**：
- 可选择快走、慢跑、打羽毛球等中等强度的运动方式。
- 每次运动30分钟左右，每天累计一小时左右的运动量即可。
- 注意活动前做热身运动，随身携带糖果，预防低血糖的发生。

总的来说，患者目前状况良好，但需要持续关注血糖和血压的变化，并通过合理的饮食和适度的运动进一步改善体质，降低糖尿病相关并发症的风险。
------------------------------

=== 第 3 条记录 ===
[原始输入]
基本情况：年龄：61；性别：女；类型：黄标。身体数据：BMI：24.14；身高：155.0cm；体重：58.0kg；是否有高血压病史：有；舒张压：60.0mmHg；收缩压：120.0mmHg；监测情况：第1次回访：监测内容：血脂（血脂四项）；总胆固醇为6.34mmol/L；甘油三酯为1.54mmol/L；低密度脂蛋白为4.39mmol/L；高密度脂蛋白为1.7mmol/L；辅助检查的餐后血糖为10.0mmol/L；辅助检查的空腹血糖为6.4mmol/L；无低血糖反应；糖尿病症状为0；本次监测描述为空腹血糖控制稳定，餐后10左右，饮食控制；第2次回访：监测内容：体征（身高、体重），血糖；饭后两小时(餐后)非空腹血糖为10.0mmol/L；早餐后非空腹血糖为10.0mmol/L；BMI为24.97；空腹空腹血糖为6.4mmol/L；辅助检查的餐后血糖为10.0mmol/L；辅助检查的空腹血糖为6.4mmol/L；无低血糖反应；糖尿病症状为0；本次监测描述为空腹血糖控制稳定，餐后10左右，饮食控制；第3次回访：监测内容：体征（身高、体重），血压；收缩压为120.0mmHg；舒张压为60.0mmHg；BMI为24.14；辅助检查的餐后血糖为10.0mmol/L；辅助检查的空腹血糖为6.4mmol/L；无低血糖反应；糖尿病症状为0；本次监测描述为空腹血糖控制稳定，餐后10左右，饮食控制。

[SumDS结构化输出]
1. **血糖控制**
- 糖化血蛋白：未提及
- 空腹血糖波动情况：
  - 平均值：6.4 mmol/L
  - 波动范围：6.4 ~ 6.4 mmol/L
  - 波动幅度：0
- 餐后血糖波动情况：
  - 平均值：10.0 mmol/L
  - 波动范围：10.0 ~ 10.0 mmol/L
- 症状：空腹血糖控制稳定，餐后10左右，饮食控制

2. **血压管理**
- 收缩压：120.0 mmHg
- 舒张压：60.0 mmHg
- 空腹血压：未提及
- 餐后血压：未提及
3. **其他并发症**
- 眼底：未提及
- 其他：未提及
4. **依从性与监测问题**
- 依从性：未提及
- 用药情况：未提及
5. **生活方式**
- BMI：24.14
- 饮食：未提及
- 运动：未提及
- 体重变化：未提及

[DiabetesPDiagLLM推理结果]
### 对您所提问题的回复：

#### 一、风险评估：
1. **血糖异常：严重**
   - 糖化血红蛋白：未提及
   - 空腹血糖波动情况：空腹血糖控制稳定，餐后10左右，饮食控制
   - 餐后血糖波动情况：餐后血糖平均值10.0mmol/L
2. **血压异常：较高**
   - 收缩压：120.0mmHg
   - 舒张压：60.0mmHg
3. **其他异常：无提及**

#### 二、健康建议：
1. **血糖管理：**
   - 糖化血红蛋白：未提及
   - 空腹血糖：近期血糖控制达标，建议连续监测空腹血糖和餐后2小时血糖，尽快检测糖化血红蛋白
   - 餐后血糖：近期血糖控制较差，建议注意饮食，适当运动，监测血糖
2. **血压管理：'
   - 收缩压：120.0mmHg
   - 舒张压：60.0mmHg
   - 建议：继续监测血压，如血压持续高于130/80mmHg，建议到专科医院就诊，检测空腹血糖、餐后2小时血糖及糖化血红蛋白，如有不适及时就医
3. **其他建议：'
   - 定期复查，如出现视力模糊、口渴多饮等症状加重，建议尽快就医
   - 保持心情舒畅，避免情绪紧张

#### 三、饮食运动建议：
1. **饮食建议：'
   - BMI：24.14
   - 建议总卡路里摄入在1800左右
   - 粗细搭配，粗粮占1/3，细粮占2/3
   - 多吃蔬菜，建议量900-1000克，水果适量
   - 少吃腌制食品和加工肉类
2. **运动建议：'
   - 每日运动时间为30分钟
   - 运动方式选择快走、慢跑、太极等
   - 运动强度以微微出汗、不喘憋为宜
   - 运动前后注意监测血糖，如出现不适及时就医
------------------------------
