2025-04-09 23:39:57,029 - INFO - We will use 90% of the memory on device 0 for storing the model, and 10% for the buffer to avoid OOM. You can set `max_memory` in to a higher value to use more memory (at your own risk).
2025-04-09 23:40:00,252 - INFO - We will use 90% of the memory on device 0 for storing the model, and 10% for the buffer to avoid OOM. You can set `max_memory` in to a higher value to use more memory (at your own risk).
2025-04-09 23:40:10,656 - INFO - 输入文本：基本情况：年龄：56；性别：女；类型：黄标。身体数据：BMI：26.71；身高：155.5cm；体重：65.0kg；是否有高血压病史：没有；舒张压：93.0mmHg；收缩压：176.0mmHg；监测情况：第1次回访：监测内容：血糖；早餐后非空腹血糖为10.4mmol/L；辅助检查的空腹血糖为9.7mmol/L；无低血糖反应；糖尿病症状为0；本次监测描述为血糖控制不佳，饮食搭配不合理，运动量不达标，体重超重。；第2次回访：监测内容：体征（身高、体重），血压，血糖；收缩压为176.0mmHg；舒张压为93.0mmHg；BMI为26.71；空腹空腹血糖为9.7mmol/L；辅助检查的空腹血糖为9.7mmol/L；无低血糖反应；糖尿病症状为0；本次监测描述为血糖控制不佳，饮食搭配不合理，运动量不达标，体重超重。。
2025-04-09 23:40:29,491 - INFO - 处理结果：1. **血糖控制**
- 糖化血蛋白：未提及
- 空腹血糖波动情况：
  - 平均值：9.7 mmol/L
  - 波动范围：9.7 ~ 9.7 mmol/L
  - 波动幅度：0 mmol/L
- 餐后血糖波动情况：
  - 平均值：10.4 mmol/L
  - 波动范围：9.7 ~ 10.4 mmol/L
  - 波动幅度：0.7 mmol/L
- 症状：血糖控制不佳，饮食搭配不合理，运动量不达标，体重超重

2. **血压管理**
- 收缩压：未提及
- 舒张压：未提及
- 空腹血压：未提及
- 餐后血压：未提及
3. **其他并发症**
- 眼底：未提及
- 其他：未提及
4. **依从性与监测问题**
- 依从性：未提及
- 用药情况：未提及
5. **生活方式**
- BMI：26.71 kg/m²
- 饮食：未提及
- 运动：未提及
- 体重变化：未提及
2025-04-09 23:42:43,792 - INFO - We will use 90% of the memory on device 0 for storing the model, and 10% for the buffer to avoid OOM. You can set `max_memory` in to a higher value to use more memory (at your own risk).
2025-04-09 23:42:47,586 - INFO - We will use 90% of the memory on device 0 for storing the model, and 10% for the buffer to avoid OOM. You can set `max_memory` in to a higher value to use more memory (at your own risk).
2025-04-09 23:43:02,486 - INFO - 输入文本：基本情况：年龄：56；性别：女；类型：黄标。身体数据：BMI：26.71；身高：155.5cm；体重：65.0kg；是否有高血压病史：没有；舒张压：93.0mmHg；收缩压：176.0mmHg；监测情况：第1次回访：监测内容：血糖；早餐后非空腹血糖为10.4mmol/L；辅助检查的空腹血糖为9.7mmol/L；无低血糖反应；糖尿病症状为0；本次监测描述为血糖控制不佳，饮食搭配不合理，运动量不达标，体重超重。；第2次回访：监测内容：体征（身高、体重），血压，血糖；收缩压为176.0mmHg；舒张压为93.0mmHg；BMI为26.71；空腹空腹血糖为9.7mmol/L；辅助检查的空腹血糖为9.7mmol/L；无低血糖反应；糖尿病症状为0；本次监测描述为血糖控制不佳，饮食搭配不合理，运动量不达标，体重超重。。
2025-04-09 23:43:21,776 - INFO - 处理结果：1. **血糖控制**
- 糖化血蛋白：未提及
- 空腹血糖波动情况：
  - 平均值：9.7 mmol/L
  - 波动范围：9.7 ~ 9.7 mmol/L
  - 波动幅度：0 mmol/L
- 餐后血糖波动情况：
  - 平均值：10.4 mmol/L
  - 波动范围：9.7 ~ 10.4 mmol/L
  - 波动幅度：0.7 mmol/L
- 症状：血糖控制不佳，饮食搭配不合理，运动量不达标，体重超重

2. **血压管理**
- 收缩压：未提及
- 舒张压：未提及
- 空腹血压：未提及
- 餐后血压：未提及
3. **其他并发症**
- 眼底：未提及
- 其他：未提及
4. **依从性与监测问题**
- 依从性：未提及
- 用药情况：未提及
5. **生活方式**
- BMI：26.71 kg/m²
- 饮食：未提及
- 运动：未提及
- 体重变化：未提及
2025-04-09 23:46:57,739 - INFO - We will use 90% of the memory on device 0 for storing the model, and 10% for the buffer to avoid OOM. You can set `max_memory` in to a higher value to use more memory (at your own risk).
2025-04-09 23:47:00,950 - INFO - We will use 90% of the memory on device 0 for storing the model, and 10% for the buffer to avoid OOM. You can set `max_memory` in to a higher value to use more memory (at your own risk).
2025-04-09 23:47:11,401 - INFO - 输入文本：基本情况：年龄：56；性别：女；类型：黄标。身体数据：BMI：26.71；身高：155.5cm；体重：65.0kg；是否有高血压病史：没有；舒张压：93.0mmHg；收缩压：176.0mmHg；监测情况：第1次回访：监测内容：血糖；早餐后非空腹血糖为10.4mmol/L；辅助检查的空腹血糖为9.7mmol/L；无低血糖反应；糖尿病症状为0；本次监测描述为血糖控制不佳，饮食搭配不合理，运动量不达标，体重超重。；第2次回访：监测内容：体征（身高、体重），血压，血糖；收缩压为176.0mmHg；舒张压为93.0mmHg；BMI为26.71；空腹空腹血糖为9.7mmol/L；辅助检查的空腹血糖为9.7mmol/L；无低血糖反应；糖尿病症状为0；本次监测描述为血糖控制不佳，饮食搭配不合理，运动量不达标，体重超重。。
2025-04-09 23:47:30,286 - INFO - 处理结果：1. **血糖控制**
- 糖化血蛋白：未提及
- 空腹血糖波动情况：
  - 平均值：9.7 mmol/L
  - 波动范围：9.7 ~ 9.7 mmol/L
  - 波动幅度：0 mmol/L
- 餐后血糖波动情况：
  - 平均值：10.4 mmol/L
  - 波动范围：9.7 ~ 10.4 mmol/L
  - 波动幅度：0.7 mmol/L
- 症状：血糖控制不佳，饮食搭配不合理，运动量不达标，体重超重

2. **血压管理**
- 收缩压：未提及
- 舒张压：未提及
- 空腹血压：未提及
- 餐后血压：未提及
3. **其他并发症**
- 眼底：未提及
- 其他：未提及
4. **依从性与监测问题**
- 依从性：未提及
- 用药情况：未提及
5. **生活方式**
- BMI：26.71 kg/m²
- 饮食：未提及
- 运动：未提及
- 体重变化：未提及
2025-04-09 23:48:50,951 - INFO - We will use 90% of the memory on device 0 for storing the model, and 10% for the buffer to avoid OOM. You can set `max_memory` in to a higher value to use more memory (at your own risk).
2025-04-09 23:48:54,752 - INFO - We will use 90% of the memory on device 0 for storing the model, and 10% for the buffer to avoid OOM. You can set `max_memory` in to a higher value to use more memory (at your own risk).
2025-04-09 23:49:07,384 - INFO - 输入文本：基本情况：年龄：56；性别：女；类型：黄标。身体数据：BMI：26.71；身高：155.5cm；体重：65.0kg；是否有高血压病史：没有；舒张压：93.0mmHg；收缩压：176.0mmHg；监测情况：第1次回访：监测内容：血糖；早餐后非空腹血糖为10.4mmol/L；辅助检查的空腹血糖为9.7mmol/L；无低血糖反应；糖尿病症状为0；本次监测描述为血糖控制不佳，饮食搭配不合理，运动量不达标，体重超重。；第2次回访：监测内容：体征（身高、体重），血压，血糖；收缩压为176.0mmHg；舒张压为93.0mmHg；BMI为26.71；空腹空腹血糖为9.7mmol/L；辅助检查的空腹血糖为9.7mmol/L；无低血糖反应；糖尿病症状为0；本次监测描述为血糖控制不佳，饮食搭配不合理，运动量不达标，体重超重。。
2025-04-09 23:49:27,136 - INFO - 处理结果：1. **血糖控制**
- 糖化血蛋白：未提及
- 空腹血糖波动情况：
  - 平均值：9.7 mmol/L
  - 波动范围：9.7 ~ 9.7 mmol/L
  - 波动幅度：0 mmol/L
- 餐后血糖波动情况：
  - 平均值：10.4 mmol/L
  - 波动范围：9.7 ~ 10.4 mmol/L
  - 波动幅度：0.7 mmol/L
- 症状：血糖控制不佳，饮食搭配不合理，运动量不达标，体重超重

2. **血压管理**
- 收缩压：未提及
- 舒张压：未提及
- 空腹血压：未提及
- 餐后血压：未提及
3. **其他并发症**
- 眼底：未提及
- 其他：未提及
4. **依从性与监测问题**
- 依从性：未提及
- 用药情况：未提及
5. **生活方式**
- BMI：26.71 kg/m²
- 饮食：未提及
- 运动：未提及
- 体重变化：未提及
2025-04-09 23:51:17,411 - INFO - We will use 90% of the memory on device 0 for storing the model, and 10% for the buffer to avoid OOM. You can set `max_memory` in to a higher value to use more memory (at your own risk).
2025-04-09 23:51:20,622 - INFO - We will use 90% of the memory on device 0 for storing the model, and 10% for the buffer to avoid OOM. You can set `max_memory` in to a higher value to use more memory (at your own risk).
2025-04-09 23:51:30,996 - INFO - 输入文本：基本情况：年龄：56；性别：女；类型：黄标。身体数据：BMI：26.71；身高：155.5cm；体重：65.0kg；是否有高血压病史：没有；舒张压：93.0mmHg；收缩压：176.0mmHg；监测情况：第1次回访：监测内容：血糖；早餐后非空腹血糖为10.4mmol/L；辅助检查的空腹血糖为9.7mmol/L；无低血糖反应；糖尿病症状为0；本次监测描述为血糖控制不佳，饮食搭配不合理，运动量不达标，体重超重。；第2次回访：监测内容：体征（身高、体重），血压，血糖；收缩压为176.0mmHg；舒张压为93.0mmHg；BMI为26.71；空腹空腹血糖为9.7mmol/L；辅助检查的空腹血糖为9.7mmol/L；无低血糖反应；糖尿病症状为0；本次监测描述为血糖控制不佳，饮食搭配不合理，运动量不达标，体重超重。。
2025-04-09 23:51:49,568 - INFO - 处理结果：1. **血糖控制**
- 糖化血蛋白：未提及
- 空腹血糖波动情况：
  - 平均值：9.7 mmol/L
  - 波动范围：9.7 ~ 9.7 mmol/L
  - 波动幅度：0 mmol/L
- 餐后血糖波动情况：
  - 平均值：10.4 mmol/L
  - 波动范围：9.7 ~ 10.4 mmol/L
  - 波动幅度：0.7 mmol/L
- 症状：血糖控制不佳，饮食搭配不合理，运动量不达标，体重超重

2. **血压管理**
- 收缩压：未提及
- 舒张压：未提及
- 空腹血压：未提及
- 餐后血压：未提及
3. **其他并发症**
- 眼底：未提及
- 其他：未提及
4. **依从性与监测问题**
- 依从性：未提及
- 用药情况：未提及
5. **生活方式**
- BMI：26.71 kg/m²
- 饮食：未提及
- 运动：未提及
- 体重变化：未提及
2025-04-10 00:00:14,025 - INFO - We will use 90% of the memory on device 0 for storing the model, and 10% for the buffer to avoid OOM. You can set `max_memory` in to a higher value to use more memory (at your own risk).
2025-04-10 00:00:17,237 - INFO - We will use 90% of the memory on device 0 for storing the model, and 10% for the buffer to avoid OOM. You can set `max_memory` in to a higher value to use more memory (at your own risk).
2025-04-10 00:00:27,522 - INFO - 输入文本：基本情况：年龄：56；性别：女；类型：黄标。身体数据：BMI：26.71；身高：155.5cm；体重：65.0kg；是否有高血压病史：没有；舒张压：93.0mmHg；收缩压：176.0mmHg；监测情况：第1次回访：监测内容：血糖；早餐后非空腹血糖为10.4mmol/L；辅助检查的空腹血糖为9.7mmol/L；无低血糖反应；糖尿病症状为0；本次监测描述为血糖控制不佳，饮食搭配不合理，运动量不达标，体重超重。；第2次回访：监测内容：体征（身高、体重），血压，血糖；收缩压为176.0mmHg；舒张压为93.0mmHg；BMI为26.71；空腹空腹血糖为9.7mmol/L；辅助检查的空腹血糖为9.7mmol/L；无低血糖反应；糖尿病症状为0；本次监测描述为血糖控制不佳，饮食搭配不合理，运动量不达标，体重超重。。
2025-04-10 00:00:46,163 - INFO - 处理结果：1. **血糖控制**
- 糖化血蛋白：未提及
- 空腹血糖波动情况：
  - 平均值：9.7 mmol/L
  - 波动范围：9.7 ~ 9.7 mmol/L
  - 波动幅度：0 mmol/L
- 餐后血糖波动情况：
  - 平均值：10.4 mmol/L
  - 波动范围：9.7 ~ 10.4 mmol/L
  - 波动幅度：0.7 mmol/L
- 症状：血糖控制不佳，饮食搭配不合理，运动量不达标，体重超重

2. **血压管理**
- 收缩压：未提及
- 舒张压：未提及
- 空腹血压：未提及
- 餐后血压：未提及
3. **其他并发症**
- 眼底：未提及
- 其他：未提及
4. **依从性与监测问题**
- 依从性：未提及
- 用药情况：未提及
5. **生活方式**
- BMI：26.71 kg/m²
- 饮食：未提及
- 运动：未提及
- 体重变化：未提及
2025-04-10 00:08:59,910 - INFO - We will use 90% of the memory on device 0 for storing the model, and 10% for the buffer to avoid OOM. You can set `max_memory` in to a higher value to use more memory (at your own risk).
2025-04-10 00:09:03,110 - INFO - We will use 90% of the memory on device 0 for storing the model, and 10% for the buffer to avoid OOM. You can set `max_memory` in to a higher value to use more memory (at your own risk).
2025-04-10 00:10:03,537 - INFO - 输入文本：基本情况：年龄：34；性别：男；类型：黄标。监测情况：第1次回访：监测内容：体征（身高、体重）；BMI为25.73；辅助检查的餐后血糖为14.32mmol/L；辅助检查的空腹血糖为5.1mmol/L；无低血糖反应；糖尿病症状为6, 1, 3；本次监测描述为近期血糖控制不佳，伴头晕，偶有左手麻木，多饮多尿症状，未严格控制饮食，未规律监测血糖；第2次回访：监测内容：血糖；早餐后非空腹血糖为19.9mmol/L；辅助检查的餐后血糖为14.32mmol/L；辅助检查的空腹血糖为5.1mmol/L；无低血糖反应；糖尿病症状为6, 1, 3；本次监测描述为近期血糖控制不佳，伴头晕，偶有左手麻木，多饮多尿症状，未严格控制饮食，未规律监测血糖；第3次回访：监测内容：血压；起床一小时内收缩压为133.0mmHg；起床一小时内舒张压为95.0mmHg；辅助检查的餐后血糖为14.32mmol/L；辅助检查的空腹血糖为5.1mmol/L；无低血糖反应；糖尿病症状为6, 1, 3；本次监测描述为近期血糖控制不佳，伴头晕，偶有左手麻木，多饮多尿症状，未严格控制饮食，未规律监测血糖；第4次回访：监测内容：血压；起床一小时内舒张压为83.0mmHg；起床一小时内收缩压为128.0mmHg；辅助检查的餐后血糖为14.32mmol/L；辅助检查的空腹血糖为5.1mmol/L；无低血糖反应；糖尿病症状为6, 1, 3；本次监测描述为近期血糖控制不佳，伴头晕，偶有左手麻木，多饮多尿症状，未严格控制饮食，未规律监测血糖；第5次回访：监测内容：血糖；空腹空腹血糖为13.4mmol/L；辅助检查的餐后血糖为14.32mmol/L；辅助检查的空腹血糖为5.1mmol/L；无低血糖反应；糖尿病症状为6, 1, 3；本次监测描述为近期血糖控制不佳，伴头晕，偶有左手麻木，多饮多尿症状，未严格控制饮食，未规律监测血糖；第6次回访：监测内容：糖化血红蛋白；糖化血红蛋白为11.9%；辅助检查的餐后血糖为14.32mmol/L；辅助检查的空腹血糖为5.1mmol/L；无低血糖反应；糖尿病症状为6, 1, 3；本次监测描述为近期血糖控制不佳，伴头晕，偶有左手麻木，多饮多尿症状，未严格控制饮食，未规律监测血糖；第7次回访：监测内容：血脂（血脂四项）；总胆固醇为5.26mmol/L；甘油三酯为2.36mmol/L；高密度脂蛋白为0.94mmol/L；低密度脂蛋白为3.57mmol/L；辅助检查的餐后血糖为14.32mmol/L；辅助检查的空腹血糖为5.1mmol/L；无低血糖反应；糖尿病症状为6, 1, 3；本次监测描述为近期血糖控制不佳，伴头晕，偶有左手麻木，多饮多尿症状，未严格控制饮食，未规律监测血糖；第8次回访：监测内容：血压；起床一小时内舒张压为81.0mmHg；起床一小时内收缩压为118.0mmHg；辅助检查的餐后血糖为14.32mmol/L；辅助检查的空腹血糖为5.1mmol/L；无低血糖反应；糖尿病症状为6, 1, 3；本次监测描述为近期血糖控制不佳，伴头晕，偶有左手麻木，多饮多尿症状，未严格控制饮食，未规律监测血糖；第9次回访：监测内容：血糖，血脂（血脂四项）；空腹空腹血糖为5.1mmol/L；早餐后非空腹血糖为14.32mmol/L；总胆固醇为4.4mmol/L；甘油三酯为1.17mmol/L；低密度脂蛋白为2.89mmol/L；高密度脂蛋白为0.87mmol/L；辅助检查的餐后血糖为14.32mmol/L；辅助检查的空腹血糖为5.1mmol/L；无低血糖反应；糖尿病症状为6, 1, 3；本次监测描述为近期血糖控制不佳，伴头晕，偶有左手麻木，多饮多尿症状，未严格控制饮食，未规律监测血糖；第10次回访：监测内容：血压；起床一小时内收缩压为108.0mmHg；起床一小时内舒张压为79.0mmHg；辅助检查的餐后血糖为14.32mmol/L；辅助检查的空腹血糖为5.1mmol/L；无低血糖反应；糖尿病症状为6, 1, 3；本次监测描述为近期血糖控制不佳，伴头晕，偶有左
2025-04-10 00:10:13,393 - INFO - 处理结果：1. **血糖控制**
- 糖化血蛋白：
  - 平均值：11.9%
  - 波动范围：未提及
  - 波动幅度：未提及
- 空腹血糖波动情况：
  - 平均值：5.1 mmol/L
- 餐后血糖波动情况：
  - 平均值：14.32 mmol/L
- 症状：
  - 近期血糖控制不佳
  - 伴头晕
  - 偶有左手麻木
  - 多饮多尿症状

2. **血压管理**
- 收缩压：
  - 平均值：128.0 mmHg
- 舒张压：
  - 平均值：95.0 mmHg
- 空腹血压：
  - 平均值：未提及
- 餐后血压：
3. **其他并发症**
- 眼底：
  - 未提及
- 其他：
4. **依从性与监测问题**
- 依从性：
- 用药情况：
5. **生活方式**
- BMI：
  - 25.73
- 饮食：
- 运动：
- 体重变化：
2025-04-10 00:12:39,999 - INFO - We will use 90% of the memory on device 0 for storing the model, and 10% for the buffer to avoid OOM. You can set `max_memory` in to a higher value to use more memory (at your own risk).
2025-04-10 00:12:43,233 - INFO - We will use 90% of the memory on device 0 for storing the model, and 10% for the buffer to avoid OOM. You can set `max_memory` in to a higher value to use more memory (at your own risk).
2025-04-10 00:13:06,058 - INFO - 输入文本：基本情况：年龄：67；性别：男；类型：5。身体数据：BMI：24.62；身高：178.0cm；体重：78.0kg；是否有高血压病史：没有；舒张压：75.0mmHg；收缩压：110.0mmHg；监测情况：第1次回访：监测内容：糖化血红蛋白；糖化血红蛋白为6.1%；辅助检查的空腹血糖为6.2mmol/L；无低血糖反应；糖尿病症状为0；本次监测描述为患者饮食控制，运动达标，血糖控制平稳；第2次回访：监测内容：体征（身高、体重）；BMI为26.83；辅助检查的空腹血糖为6.2mmol/L；无低血糖反应；糖尿病症状为0；本次监测描述为患者饮食控制，运动达标，血糖控制平稳；第3次回访：监测内容：血糖；空腹血糖为5.8mmol/L；辅助检查的空腹血糖为6.2mmol/L；无低血糖反应；糖尿病症状为0；本次监测描述为患者饮食控制，运动达标，血糖控制平稳；第4次回访：监测内容：血糖；空腹血糖为5.9mmol/L；辅助检查的空腹血糖为6.2mmol/L；无低血糖反应；糖尿病症状为0；本次监测描述为患者饮食控制，运动达标，血糖控制平稳；第5次回访：监测内容：血糖；空腹血糖为6.2mmol/L；辅助检查的空腹血糖为6.2mmol/L；无低血糖反应；糖尿病症状为0；本次监测描述为患者饮食控制，运动达标，血糖控制平稳；第6次回访：监测内容：血压，血糖；早餐后非空腹血糖为7.9mmol/L；空腹血糖为6.2mmol/L；舒张压为75.0mmHg；收缩压为110.0mmHg；辅助检查的空腹血糖为6.2mmol/L；无低血糖反应；糖尿病症状为0；本次监测描述为患者饮食控制，运动达标，血糖控制平稳；第7次回访：监测内容：体征（身高、体重）；BMI为24.62；辅助检查的空腹血糖为6.2mmol/L；无低血糖反应；糖尿病症状为0；本次监测描述为患者饮食控制，运动达标，血糖控制平稳。
2025-04-10 00:13:13,748 - INFO - 处理结果：1. **血糖控制**
- 糖化血蛋白：
  - 平均值：7.0%
  - 波动范围：6.1% ~ 7.0%
  - 波动幅度：0.9%
- 空腹血糖波动情况：
  - 平均值：6.2 mmol/L
  - 波动范围：6.2 mmol/L ~ 6.2 mmol/L
  - 波动幅度：0.0 mmol/L
- 餐后血糖波动情况：
  - 平均值：7.9 mmol/L
  - 波动范围：7.9 mmol/L ~ 7.9 mmol/L
- 症状：无低血糖反应；糖尿病症状为0

2. **血压管理**
- 收缩压：110.0 mmHg
- 舒张压：75.0 mmHg
- 空腹血压：6.2 mmol/L
- 餐后血压：7.9 mmol/L
3. **其他并发症**
- 眼底：未提及
- 其他：未提及
4. **依从性与监测问题**
- 依从性：患者饮食控制，运动达标，血糖控制平稳
- 用药情况：未提及
5. **生活方式**
- BMI：24.62
- 饮食：未提及
- 运动：未提及
- 体重变化：未提及
2025-04-10 00:13:49,576 - INFO - We will use 90% of the memory on device 0 for storing the model, and 10% for the buffer to avoid OOM. You can set `max_memory` in to a higher value to use more memory (at your own risk).
2025-04-10 00:13:52,781 - INFO - We will use 90% of the memory on device 0 for storing the model, and 10% for the buffer to avoid OOM. You can set `max_memory` in to a higher value to use more memory (at your own risk).
2025-04-10 00:14:06,498 - INFO - 输入文本：基本情况：年龄：67；性别：男；类型：5。身体数据：BMI：24.62；身高：178.0cm；体重：78.0kg；是否有高血压病史：没有；舒张压：75.0mmHg；收缩压：110.0mmHg；监测情况：第1次回访：监测内容：糖化血红蛋白；糖化血红蛋白为6.1%；辅助检查的空腹血糖为6.2mmol/L；无低血糖反应；糖尿病症状为0；本次监测描述为患者饮食控制，运动达标，血糖控制平稳；第2次回访：监测内容：体征（身高、体重）；BMI为26.83；辅助检查的空腹血糖为6.2mmol/L；无低血糖反应；糖尿病症状为0；本次监测描述为患者饮食控制，运动达标，血糖控制平稳；第3次回访：监测内容：血糖；空腹血糖为5.8mmol/L；辅助检查的空腹血糖为6.2mmol/L；无低血糖反应；糖尿病症状为0；本次监测描述为患者饮食控制，运动达标，血糖控制平稳；第4次回访：监测内容：血糖；空腹血糖为5.9mmol/L；辅助检查的空腹血糖为6.2mmol/L；无低血糖反应；糖尿病症状为0；本次监测描述为患者饮食控制，运动达标，血糖控制平稳；第5次回访：监测内容：血糖；空腹血糖为6.2mmol/L；辅助检查的空腹血糖为6.2mmol/L；无低血糖反应；糖尿病症状为0；本次监测描述为患者饮食控制，运动达标，血糖控制平稳；第6次回访：监测内容：血压，血糖；早餐后非空腹血糖为7.9mmol/L；空腹血糖为6.2mmol/L；舒张压为75.0mmHg；收缩压为110.0mmHg；辅助检查的空腹血糖为6.2mmol/L；无低血糖反应；糖尿病症状为0；本次监测描述为患者饮食控制，运动达标，血糖控制平稳；第7次回访：监测内容：体征（身高、体重）；BMI为24.62；辅助检查的空腹血糖为6.2mmol/L；无低血糖反应；糖尿病症状为0；本次监测描述为患者饮食控制，运动达标，血糖控制平稳。
2025-04-10 00:14:14,312 - INFO - 处理结果：1. **血糖控制**
- 糖化血蛋白：
  - 平均值：7.0%
  - 波动范围：6.1% ~ 7.0%
  - 波动幅度：0.9%
- 空腹血糖波动情况：
  - 平均值：6.2 mmol/L
  - 波动范围：6.2 mmol/L ~ 6.2 mmol/L
  - 波动幅度：0.0 mmol/L
- 餐后血糖波动情况：
  - 平均值：7.9 mmol/L
  - 波动范围：7.9 mmol/L ~ 7.9 mmol/L
- 症状：无低血糖反应；糖尿病症状为0

2. **血压管理**
- 收缩压：110.0 mmHg
- 舒张压：75.0 mmHg
- 空腹血压：6.2 mmol/L
- 餐后血压：7.9 mmol/L
3. **其他并发症**
- 眼底：未提及
- 其他：未提及
4. **依从性与监测问题**
- 依从性：患者饮食控制，运动达标，血糖控制平稳
- 用药情况：未提及
5. **生活方式**
- BMI：24.62
- 饮食：未提及
- 运动：未提及
- 体重变化：未提及
2025-04-10 00:14:58,048 - INFO - We will use 90% of the memory on device 0 for storing the model, and 10% for the buffer to avoid OOM. You can set `max_memory` in to a higher value to use more memory (at your own risk).
2025-04-10 00:15:01,853 - INFO - We will use 90% of the memory on device 0 for storing the model, and 10% for the buffer to avoid OOM. You can set `max_memory` in to a higher value to use more memory (at your own risk).
2025-04-10 00:17:13,587 - INFO - 输入文本：基本情况：年龄：67；性别：男；类型：5。身体数据：BMI：24.62；身高：178.0cm；体重：78.0kg；是否有高血压病史：没有；舒张压：75.0mmHg；收缩压：110.0mmHg；监测情况：第1次回访：监测内容：糖化血红蛋白；糖化血红蛋白为6.1%；辅助检查的空腹血糖为6.2mmol/L；无低血糖反应；糖尿病症状为0；本次监测描述为患者饮食控制，运动达标，血糖控制平稳；第2次回访：监测内容：体征（身高、体重）；BMI为26.83；辅助检查的空腹血糖为6.2mmol/L；无低血糖反应；糖尿病症状为0；本次监测描述为患者饮食控制，运动达标，血糖控制平稳；第3次回访：监测内容：血糖；空腹血糖为5.8mmol/L；辅助检查的空腹血糖为6.2mmol/L；无低血糖反应；糖尿病症状为0；本次监测描述为患者饮食控制，运动达标，血糖控制平稳；第4次回访：监测内容：血糖；空腹血糖为5.9mmol/L；辅助检查的空腹血糖为6.2mmol/L；无低血糖反应；糖尿病症状为0；本次监测描述为患者饮食控制，运动达标，血糖控制平稳；第5次回访：监测内容：血糖；空腹血糖为6.2mmol/L；辅助检查的空腹血糖为6.2mmol/L；无低血糖反应；糖尿病症状为0；本次监测描述为患者饮食控制，运动达标，血糖控制平稳；第6次回访：监测内容：血压，血糖；早餐后非空腹血糖为7.9mmol/L；空腹血糖为6.2mmol/L；舒张压为75.0mmHg；收缩压为110.0mmHg；辅助检查的空腹血糖为6.2mmol/L；无低血糖反应；糖尿病症状为0；本次监测描述为患者饮食控制，运动达标，血糖控制平稳；第7次回访：监测内容：体征（身高、体重）；BMI为24.62；辅助检查的空腹血糖为6.2mmol/L；无低血糖反应；糖尿病症状为0；本次监测描述为患者饮食控制，运动达标，血糖控制平稳。
2025-04-10 00:17:21,592 - INFO - 处理结果：1. **血糖控制**
- 糖化血蛋白：
  - 平均值：7.0%
  - 波动范围：6.1% ~ 7.0%
  - 波动幅度：0.9%
- 空腹血糖波动情况：
  - 平均值：6.2 mmol/L
  - 波动范围：6.2 mmol/L ~ 6.2 mmol/L
  - 波动幅度：0.0 mmol/L
- 餐后血糖波动情况：
  - 平均值：7.9 mmol/L
  - 波动范围：7.9 mmol/L ~ 7.9 mmol/L
- 症状：无低血糖反应；糖尿病症状为0

2. **血压管理**
- 收缩压：110.0 mmHg
- 舒张压：75.0 mmHg
- 空腹血压：6.2 mmol/L
- 餐后血压：7.9 mmol/L
3. **其他并发症**
- 眼底：未提及
- 其他：未提及
4. **依从性与监测问题**
- 依从性：患者饮食控制，运动达标，血糖控制平稳
- 用药情况：未提及
5. **生活方式**
- BMI：24.62
- 饮食：未提及
- 运动：未提及
- 体重变化：未提及
2025-04-10 00:19:10,859 - INFO - We will use 90% of the memory on device 0 for storing the model, and 10% for the buffer to avoid OOM. You can set `max_memory` in to a higher value to use more memory (at your own risk).
2025-04-10 00:19:14,074 - INFO - We will use 90% of the memory on device 0 for storing the model, and 10% for the buffer to avoid OOM. You can set `max_memory` in to a higher value to use more memory (at your own risk).
2025-04-10 00:19:29,247 - INFO - 输入文本：基本情况：年龄：67；性别：男；类型：5。身体数据：BMI：24.62；身高：178.0cm；体重：78.0kg；是否有高血压病史：没有；舒张压：75.0mmHg；收缩压：110.0mmHg；监测情况：第1次回访：监测内容：糖化血红蛋白；糖化血红蛋白为6.1%；辅助检查的空腹血糖为6.2mmol/L；无低血糖反应；糖尿病症状为0；本次监测描述为患者饮食控制，运动达标，血糖控制平稳；第2次回访：监测内容：体征（身高、体重）；BMI为26.83；辅助检查的空腹血糖为6.2mmol/L；无低血糖反应；糖尿病症状为0；本次监测描述为患者饮食控制，运动达标，血糖控制平稳；第3次回访：监测内容：血糖；空腹血糖为5.8mmol/L；辅助检查的空腹血糖为6.2mmol/L；无低血糖反应；糖尿病症状为0；本次监测描述为患者饮食控制，运动达标，血糖控制平稳；第4次回访：监测内容：血糖；空腹血糖为5.9mmol/L；辅助检查的空腹血糖为6.2mmol/L；无低血糖反应；糖尿病症状为0；本次监测描述为患者饮食控制，运动达标，血糖控制平稳；第5次回访：监测内容：血糖；空腹血糖为6.2mmol/L；辅助检查的空腹血糖为6.2mmol/L；无低血糖反应；糖尿病症状为0；本次监测描述为患者饮食控制，运动达标，血糖控制平稳；第6次回访：监测内容：血压，血糖；早餐后非空腹血糖为7.9mmol/L；空腹血糖为6.2mmol/L；舒张压为75.0mmHg；收缩压为110.0mmHg；辅助检查的空腹血糖为6.2mmol/L；无低血糖反应；糖尿病症状为0；本次监测描述为患者饮食控制，运动达标，血糖控制平稳；第7次回访：监测内容：体征（身高、体重）；BMI为24.62；辅助检查的空腹血糖为6.2mmol/L；无低血糖反应；糖尿病症状为0；本次监测描述为患者饮食控制，运动达标，血糖控制平稳。
2025-04-10 00:19:37,062 - INFO - 处理结果：1. **血糖控制**
- 糖化血蛋白：
  - 平均值：7.0%
  - 波动范围：6.1% ~ 7.0%
  - 波动幅度：0.9%
- 空腹血糖波动情况：
  - 平均值：6.2 mmol/L
  - 波动范围：6.2 mmol/L ~ 6.2 mmol/L
  - 波动幅度：0.0 mmol/L
- 餐后血糖波动情况：
  - 平均值：7.9 mmol/L
  - 波动范围：7.9 mmol/L ~ 7.9 mmol/L
- 症状：无低血糖反应；糖尿病症状为0

2. **血压管理**
- 收缩压：110.0 mmHg
- 舒张压：75.0 mmHg
- 空腹血压：6.2 mmol/L
- 餐后血压：7.9 mmol/L
3. **其他并发症**
- 眼底：未提及
- 其他：未提及
4. **依从性与监测问题**
- 依从性：患者饮食控制，运动达标，血糖控制平稳
- 用药情况：未提及
5. **生活方式**
- BMI：24.62
- 饮食：未提及
- 运动：未提及
- 体重变化：未提及
2025-04-10 00:23:32,321 - INFO - We will use 90% of the memory on device 0 for storing the model, and 10% for the buffer to avoid OOM. You can set `max_memory` in to a higher value to use more memory (at your own risk).
2025-04-10 00:23:35,561 - INFO - We will use 90% of the memory on device 0 for storing the model, and 10% for the buffer to avoid OOM. You can set `max_memory` in to a higher value to use more memory (at your own risk).
2025-04-10 00:23:50,732 - INFO - 输入文本：基本情况：年龄：67；性别：男；类型：5。身体数据：BMI：24.62；身高：178.0cm；体重：78.0kg；是否有高血压病史：没有；舒张压：75.0mmHg；收缩压：110.0mmHg；监测情况：第1次回访：监测内容：糖化血红蛋白；糖化血红蛋白为6.1%；辅助检查的空腹血糖为6.2mmol/L；无低血糖反应；糖尿病症状为0；本次监测描述为患者饮食控制，运动达标，血糖控制平稳；第2次回访：监测内容：体征（身高、体重）；BMI为26.83；辅助检查的空腹血糖为6.2mmol/L；无低血糖反应；糖尿病症状为0；本次监测描述为患者饮食控制，运动达标，血糖控制平稳；第3次回访：监测内容：血糖；空腹血糖为5.8mmol/L；辅助检查的空腹血糖为6.2mmol/L；无低血糖反应；糖尿病症状为0；本次监测描述为患者饮食控制，运动达标，血糖控制平稳；第4次回访：监测内容：血糖；空腹血糖为5.9mmol/L；辅助检查的空腹血糖为6.2mmol/L；无低血糖反应；糖尿病症状为0；本次监测描述为患者饮食控制，运动达标，血糖控制平稳；第5次回访：监测内容：血糖；空腹血糖为6.2mmol/L；辅助检查的空腹血糖为6.2mmol/L；无低血糖反应；糖尿病症状为0；本次监测描述为患者饮食控制，运动达标，血糖控制平稳；第6次回访：监测内容：血压，血糖；早餐后非空腹血糖为7.9mmol/L；空腹血糖为6.2mmol/L；舒张压为75.0mmHg；收缩压为110.0mmHg；辅助检查的空腹血糖为6.2mmol/L；无低血糖反应；糖尿病症状为0；本次监测描述为患者饮食控制，运动达标，血糖控制平稳；第7次回访：监测内容：体征（身高、体重）；BMI为24.62；辅助检查的空腹血糖为6.2mmol/L；无低血糖反应；糖尿病症状为0；本次监测描述为患者饮食控制，运动达标，血糖控制平稳。
2025-04-10 00:23:58,444 - INFO - 处理结果：1. **血糖控制**
- 糖化血蛋白：
  - 平均值：7.0%
  - 波动范围：6.1% ~ 7.0%
  - 波动幅度：0.9%
- 空腹血糖波动情况：
  - 平均值：6.2 mmol/L
  - 波动范围：6.2 mmol/L ~ 6.2 mmol/L
  - 波动幅度：0.0 mmol/L
- 餐后血糖波动情况：
  - 平均值：7.9 mmol/L
  - 波动范围：7.9 mmol/L ~ 7.9 mmol/L
- 症状：无低血糖反应；糖尿病症状为0

2. **血压管理**
- 收缩压：110.0 mmHg
- 舒张压：75.0 mmHg
- 空腹血压：6.2 mmol/L
- 餐后血压：7.9 mmol/L
3. **其他并发症**
- 眼底：未提及
- 其他：未提及
4. **依从性与监测问题**
- 依从性：患者饮食控制，运动达标，血糖控制平稳
- 用药情况：未提及
5. **生活方式**
- BMI：24.62
- 饮食：未提及
- 运动：未提及
- 体重变化：未提及
2025-04-10 00:25:57,322 - INFO - We will use 90% of the memory on device 0 for storing the model, and 10% for the buffer to avoid OOM. You can set `max_memory` in to a higher value to use more memory (at your own risk).
2025-04-10 00:26:01,192 - INFO - We will use 90% of the memory on device 0 for storing the model, and 10% for the buffer to avoid OOM. You can set `max_memory` in to a higher value to use more memory (at your own risk).
2025-04-10 00:26:48,004 - INFO - We will use 90% of the memory on device 0 for storing the model, and 10% for the buffer to avoid OOM. You can set `max_memory` in to a higher value to use more memory (at your own risk).
2025-04-10 00:26:51,250 - INFO - We will use 90% of the memory on device 0 for storing the model, and 10% for the buffer to avoid OOM. You can set `max_memory` in to a higher value to use more memory (at your own risk).
2025-04-10 00:27:04,461 - INFO - 输入文本：基本情况：年龄：67；性别：男；类型：5。身体数据：BMI：24.62；身高：178.0cm；体重：78.0kg；是否有高血压病史：没有；舒张压：75.0mmHg；收缩压：110.0mmHg；监测情况：第1次回访：监测内容：糖化血红蛋白；糖化血红蛋白为6.1%；辅助检查的空腹血糖为6.2mmol/L；无低血糖反应；糖尿病症状为0；本次监测描述为患者饮食控制，运动达标，血糖控制平稳；第2次回访：监测内容：体征（身高、体重）；BMI为26.83；辅助检查的空腹血糖为6.2mmol/L；无低血糖反应；糖尿病症状为0；本次监测描述为患者饮食控制，运动达标，血糖控制平稳；第3次回访：监测内容：血糖；空腹血糖为5.8mmol/L；辅助检查的空腹血糖为6.2mmol/L；无低血糖反应；糖尿病症状为0；本次监测描述为患者饮食控制，运动达标，血糖控制平稳；第4次回访：监测内容：血糖；空腹血糖为5.9mmol/L；辅助检查的空腹血糖为6.2mmol/L；无低血糖反应；糖尿病症状为0；本次监测描述为患者饮食控制，运动达标，血糖控制平稳；第5次回访：监测内容：血糖；空腹血糖为6.2mmol/L；辅助检查的空腹血糖为6.2mmol/L；无低血糖反应；糖尿病症状为0；本次监测描述为患者饮食控制，运动达标，血糖控制平稳；第6次回访：监测内容：血压，血糖；早餐后非空腹血糖为7.9mmol/L；空腹血糖为6.2mmol/L；舒张压为75.0mmHg；收缩压为110.0mmHg；辅助检查的空腹血糖为6.2mmol/L；无低血糖反应；糖尿病症状为0；本次监测描述为患者饮食控制，运动达标，血糖控制平稳；第7次回访：监测内容：体征（身高、体重）；BMI为24.62；辅助检查的空腹血糖为6.2mmol/L；无低血糖反应；糖尿病症状为0；本次监测描述为患者饮食控制，运动达标，血糖控制平稳。
2025-04-10 00:27:12,156 - INFO - 处理结果：1. **血糖控制**
- 糖化血蛋白：
  - 平均值：7.0%
  - 波动范围：6.1% ~ 7.0%
  - 波动幅度：0.9%
- 空腹血糖波动情况：
  - 平均值：6.2 mmol/L
  - 波动范围：6.2 mmol/L ~ 6.2 mmol/L
  - 波动幅度：0.0 mmol/L
- 餐后血糖波动情况：
  - 平均值：7.9 mmol/L
  - 波动范围：7.9 mmol/L ~ 7.9 mmol/L
- 症状：无低血糖反应；糖尿病症状为0

2. **血压管理**
- 收缩压：110.0 mmHg
- 舒张压：75.0 mmHg
- 空腹血压：6.2 mmol/L
- 餐后血压：7.9 mmol/L
3. **其他并发症**
- 眼底：未提及
- 其他：未提及
4. **依从性与监测问题**
- 依从性：患者饮食控制，运动达标，血糖控制平稳
- 用药情况：未提及
5. **生活方式**
- BMI：24.62
- 饮食：未提及
- 运动：未提及
- 体重变化：未提及
2025-04-10 00:28:42,467 - INFO - We will use 90% of the memory on device 0 for storing the model, and 10% for the buffer to avoid OOM. You can set `max_memory` in to a higher value to use more memory (at your own risk).
2025-04-10 00:28:45,697 - INFO - We will use 90% of the memory on device 0 for storing the model, and 10% for the buffer to avoid OOM. You can set `max_memory` in to a higher value to use more memory (at your own risk).
2025-04-10 00:28:59,949 - INFO - 输入文本：基本情况：年龄：67；性别：男；类型：5。身体数据：BMI：24.62；身高：178.0cm；体重：78.0kg；是否有高血压病史：没有；舒张压：75.0mmHg；收缩压：110.0mmHg；监测情况：第1次回访：监测内容：糖化血红蛋白；糖化血红蛋白为6.1%；辅助检查的空腹血糖为6.2mmol/L；无低血糖反应；糖尿病症状为0；本次监测描述为患者饮食控制，运动达标，血糖控制平稳；第2次回访：监测内容：体征（身高、体重）；BMI为26.83；辅助检查的空腹血糖为6.2mmol/L；无低血糖反应；糖尿病症状为0；本次监测描述为患者饮食控制，运动达标，血糖控制平稳；第3次回访：监测内容：血糖；空腹血糖为5.8mmol/L；辅助检查的空腹血糖为6.2mmol/L；无低血糖反应；糖尿病症状为0；本次监测描述为患者饮食控制，运动达标，血糖控制平稳；第4次回访：监测内容：血糖；空腹血糖为5.9mmol/L；辅助检查的空腹血糖为6.2mmol/L；无低血糖反应；糖尿病症状为0；本次监测描述为患者饮食控制，运动达标，血糖控制平稳；第5次回访：监测内容：血糖；空腹血糖为6.2mmol/L；辅助检查的空腹血糖为6.2mmol/L；无低血糖反应；糖尿病症状为0；本次监测描述为患者饮食控制，运动达标，血糖控制平稳；第6次回访：监测内容：血压，血糖；早餐后非空腹血糖为7.9mmol/L；空腹血糖为6.2mmol/L；舒张压为75.0mmHg；收缩压为110.0mmHg；辅助检查的空腹血糖为6.2mmol/L；无低血糖反应；糖尿病症状为0；本次监测描述为患者饮食控制，运动达标，血糖控制平稳；第7次回访：监测内容：体征（身高、体重）；BMI为24.62；辅助检查的空腹血糖为6.2mmol/L；无低血糖反应；糖尿病症状为0；本次监测描述为患者饮食控制，运动达标，血糖控制平稳。
2025-04-10 00:29:07,653 - INFO - 处理结果：1. **血糖控制**
- 糖化血蛋白：
  - 平均值：7.0%
  - 波动范围：6.1% ~ 7.0%
  - 波动幅度：0.9%
- 空腹血糖波动情况：
  - 平均值：6.2 mmol/L
  - 波动范围：6.2 mmol/L ~ 6.2 mmol/L
  - 波动幅度：0.0 mmol/L
- 餐后血糖波动情况：
  - 平均值：7.9 mmol/L
  - 波动范围：7.9 mmol/L ~ 7.9 mmol/L
- 症状：无低血糖反应；糖尿病症状为0

2. **血压管理**
- 收缩压：110.0 mmHg
- 舒张压：75.0 mmHg
- 空腹血压：6.2 mmol/L
- 餐后血压：7.9 mmol/L
3. **其他并发症**
- 眼底：未提及
- 其他：未提及
4. **依从性与监测问题**
- 依从性：患者饮食控制，运动达标，血糖控制平稳
- 用药情况：未提及
5. **生活方式**
- BMI：24.62
- 饮食：未提及
- 运动：未提及
- 体重变化：未提及
2025-04-10 00:31:12,448 - INFO - We will use 90% of the memory on device 0 for storing the model, and 10% for the buffer to avoid OOM. You can set `max_memory` in to a higher value to use more memory (at your own risk).
2025-04-10 00:31:15,654 - INFO - We will use 90% of the memory on device 0 for storing the model, and 10% for the buffer to avoid OOM. You can set `max_memory` in to a higher value to use more memory (at your own risk).
2025-04-10 00:31:32,439 - INFO - 输入文本：基本情况：年龄：67；性别：男；类型：5。身体数据：BMI：24.62；身高：178.0cm；体重：78.0kg；是否有高血压病史：没有；舒张压：75.0mmHg；收缩压：110.0mmHg；监测情况：第1次回访：监测内容：糖化血红蛋白；糖化血红蛋白为6.1%；辅助检查的空腹血糖为6.2mmol/L；无低血糖反应；糖尿病症状为0；本次监测描述为患者饮食控制，运动达标，血糖控制平稳；第2次回访：监测内容：体征（身高、体重）；BMI为26.83；辅助检查的空腹血糖为6.2mmol/L；无低血糖反应；糖尿病症状为0；本次监测描述为患者饮食控制，运动达标，血糖控制平稳；第3次回访：监测内容：血糖；空腹血糖为5.8mmol/L；辅助检查的空腹血糖为6.2mmol/L；无低血糖反应；糖尿病症状为0；本次监测描述为患者饮食控制，运动达标，血糖控制平稳；第4次回访：监测内容：血糖；空腹血糖为5.9mmol/L；辅助检查的空腹血糖为6.2mmol/L；无低血糖反应；糖尿病症状为0；本次监测描述为患者饮食控制，运动达标，血糖控制平稳；第5次回访：监测内容：血糖；空腹血糖为6.2mmol/L；辅助检查的空腹血糖为6.2mmol/L；无低血糖反应；糖尿病症状为0；本次监测描述为患者饮食控制，运动达标，血糖控制平稳；第6次回访：监测内容：血压，血糖；早餐后非空腹血糖为7.9mmol/L；空腹血糖为6.2mmol/L；舒张压为75.0mmHg；收缩压为110.0mmHg；辅助检查的空腹血糖为6.2mmol/L；无低血糖反应；糖尿病症状为0；本次监测描述为患者饮食控制，运动达标，血糖控制平稳；第7次回访：监测内容：体征（身高、体重）；BMI为24.62；辅助检查的空腹血糖为6.2mmol/L；无低血糖反应；糖尿病症状为0；本次监测描述为患者饮食控制，运动达标，血糖控制平稳。
2025-04-10 00:31:40,216 - INFO - 处理结果：1. **血糖控制**
- 糖化血蛋白：
  - 平均值：7.0%
  - 波动范围：6.1% ~ 7.0%
  - 波动幅度：0.9%
- 空腹血糖波动情况：
  - 平均值：6.2 mmol/L
  - 波动范围：6.2 mmol/L ~ 6.2 mmol/L
  - 波动幅度：0.0 mmol/L
- 餐后血糖波动情况：
  - 平均值：7.9 mmol/L
  - 波动范围：7.9 mmol/L ~ 7.9 mmol/L
- 症状：无低血糖反应；糖尿病症状为0

2. **血压管理**
- 收缩压：110.0 mmHg
- 舒张压：75.0 mmHg
- 空腹血压：6.2 mmol/L
- 餐后血压：7.9 mmol/L
3. **其他并发症**
- 眼底：未提及
- 其他：未提及
4. **依从性与监测问题**
- 依从性：患者饮食控制，运动达标，血糖控制平稳
- 用药情况：未提及
5. **生活方式**
- BMI：24.62
- 饮食：未提及
- 运动：未提及
- 体重变化：未提及
2025-04-10 00:32:33,794 - INFO - 输入文本：基本情况：年龄：61；性别：男；类型：黄标。身体数据：BMI：20.9；身高：175.0cm；体重：64.0kg；是否有高血压病史：没有；舒张压：75.0mmHg；收缩压：112.0mmHg；监测情况：第1次回访：监测内容：血糖；空腹空腹血糖为6.3mmol/L；辅助检查的餐后血糖为9.7mmol/L；辅助检查的空腹血糖为6.3mmol/L；无低血糖反应；糖尿病症状为0；本次监测描述为患者定期监测血糖，空腹血糖平稳，饮食不注意，餐后血糖不平稳；第2次回访：监测内容：体征（身高、体重），血压；BMI为20.9；收缩压为112.0mmHg；舒张压为75.0mmHg；辅助检查的餐后血糖为9.7mmol/L；辅助检查的空腹血糖为6.3mmol/L；无低血糖反应；糖尿病症状为0；本次监测描述为患者定期监测血糖，空腹血糖平稳，饮食不注意，餐后血糖不平稳；第3次回访：监测内容：血糖；早餐后非空腹血糖为9.7mmol/L；辅助检查的餐后血糖为9.7mmol/L；辅助检查的空腹血糖为6.3mmol/L；无低血糖反应；糖尿病症状为0；本次监测描述为患者定期监测血糖，空腹血糖平稳，饮食不注意，餐后血糖不平稳。
2025-04-10 00:32:39,704 - INFO - 处理结果：1. **血糖控制**
- 糖化血蛋白：未提及
- 空腹血糖波动情况：
  - 平均值：6.3 mmol/L
  - 波动范围：6.3 ~ 9.7 mmol/L
  - 波动幅度：3.4 mmol/L
- 餐后血糖波动情况：
  - 平均值：9.7 mmol/L
  - 波动范围：9.7 ~ 9.7 mmol/L
  - 波动幅度：0 mmol/L
- 症状：无低血糖反应；糖尿病症状为0

2. **血压管理**
- 收缩压：112.0 mmHg
- 舒张压：75.0 mmHg
- 空腹血压：未提及
- 餐后血压：未提及
3. **其他并发症**
- 眼底：未提及
- 其他：未提及
4. **依从性与监测问题**
- 依从性：未提及
- 用药情况：未提及
5. **生活方式**
- BMI：20.9
- 饮食：未提及
- 运动：未提及
- 体重变化：未提及
2025-04-10 00:33:12,857 - INFO - 输入文本：基本情况：年龄：61；性别：女；类型：黄标。身体数据：BMI：24.14；身高：155.0cm；体重：58.0kg；是否有高血压病史：有；舒张压：60.0mmHg；收缩压：120.0mmHg；监测情况：第1次回访：监测内容：血脂（血脂四项）；总胆固醇为6.34mmol/L；甘油三酯为1.54mmol/L；低密度脂蛋白为4.39mmol/L；高密度脂蛋白为1.7mmol/L；辅助检查的餐后血糖为10.0mmol/L；辅助检查的空腹血糖为6.4mmol/L；无低血糖反应；糖尿病症状为0；本次监测描述为空腹血糖控制稳定，餐后10左右，饮食控制；第2次回访：监测内容：体征（身高、体重），血糖；饭后两小时(餐后)非空腹血糖为10.0mmol/L；早餐后非空腹血糖为10.0mmol/L；BMI为24.97；空腹空腹血糖为6.4mmol/L；辅助检查的餐后血糖为10.0mmol/L；辅助检查的空腹血糖为6.4mmol/L；无低血糖反应；糖尿病症状为0；本次监测描述为空腹血糖控制稳定，餐后10左右，饮食控制；第3次回访：监测内容：体征（身高、体重），血压；收缩压为120.0mmHg；舒张压为60.0mmHg；BMI为24.14；辅助检查的餐后血糖为10.0mmol/L；辅助检查的空腹血糖为6.4mmol/L；无低血糖反应；糖尿病症状为0；本次监测描述为空腹血糖控制稳定，餐后10左右，饮食控制。
2025-04-10 00:33:29,914 - INFO - 处理结果：1. **血糖控制**
- 糖化血蛋白：未提及
- 空腹血糖波动情况：
  - 平均值：6.4 mmol/L
  - 波动范围：6.4 ~ 6.4 mmol/L
  - 波动幅度：0
- 餐后血糖波动情况：
  - 平均值：10.0 mmol/L
  - 波动范围：10.0 ~ 10.0 mmol/L
- 症状：空腹血糖控制稳定，餐后10左右，饮食控制

2. **血压管理**
- 收缩压：120.0 mmHg
- 舒张压：60.0 mmHg
- 空腹血压：未提及
- 餐后血压：未提及
3. **其他并发症**
- 眼底：未提及
- 其他：未提及
4. **依从性与监测问题**
- 依从性：未提及
- 用药情况：未提及
5. **生活方式**
- BMI：24.14
- 饮食：未提及
- 运动：未提及
- 体重变化：未提及
